<?xml version="1.0" encoding="UTF-8"?>
<!-- Generated by org.testng.reporters.JUnitReportReporter -->
<testsuite hostname="LAPTOP-OKJ1VVIP" failures="0" tests="1" name="cicd.classrcicd" time="22.988" errors="0" timestamp="2024-08-01T20:23:51 IST" skipped="0">
  <testcase classname="cicd.classrcicd" name="f" time="22.988"/>
  <system-out/>
</testsuite> <!-- cicd.classrcicd -->
