<?xml version="1.0" encoding="UTF-8"?>
<!-- Generated by org.testng.reporters.JUnitReportReporter -->
<testsuite hostname="LAPTOP-OKJ1VVIP" failures="0" tests="1" name="repopack.NewTest" time="0.009" errors="0" timestamp="2024-08-01T00:23:02 IST" skipped="0">
  <testcase classname="repopack.NewTest" name="f" time="0.009"/>
  <system-out/>
</testsuite> <!-- repopack.NewTest -->
